<?xml version="1.0" encoding="UTF-8"?>
<testsuite xmlns:xsi="http://www.w3.org/2001/XMLSchema-instance" xsi:noNamespaceSchemaLocation="https://maven.apache.org/surefire/maven-surefire-plugin/xsd/surefire-test-report.xsd" version="3.0.2" name="runners.TestRunner" time="43.788" tests="6" errors="0" skipped="0" failures="1">
  <properties>
    <property name="java.specification.version" value="17"/>
    <property name="sun.cpu.isalist" value="amd64"/>
    <property name="sun.jnu.encoding" value="Cp1252"/>
    <property name="java.class.path" value="C:\Users\RL90\OneDrive\pessoal\Projetos\web-java-playwright-cucumber\target\test-classes;C:\Users\RL90\OneDrive\pessoal\Projetos\web-java-playwright-cucumber\target\classes;C:\Users\RL90\.m2\repository\com\microsoft\playwright\playwright\1.51.0\playwright-1.51.0.jar;C:\Users\RL90\.m2\repository\com\google\code\gson\gson\2.12.1\gson-2.12.1.jar;C:\Users\RL90\.m2\repository\com\google\errorprone\error_prone_annotations\2.36.0\error_prone_annotations-2.36.0.jar;C:\Users\RL90\.m2\repository\org\opentest4j\opentest4j\1.3.0\opentest4j-1.3.0.jar;C:\Users\RL90\.m2\repository\com\microsoft\playwright\driver\1.51.0\driver-1.51.0.jar;C:\Users\RL90\.m2\repository\com\microsoft\playwright\driver-bundle\1.51.0\driver-bundle-1.51.0.jar;C:\Users\RL90\.m2\repository\io\cucumber\cucumber-java\7.20.1\cucumber-java-7.20.1.jar;C:\Users\RL90\.m2\repository\io\cucumber\cucumber-core\7.20.1\cucumber-core-7.20.1.jar;C:\Users\RL90\.m2\repository\io\cucumber\cucumber-gherkin\7.20.1\cucumber-gherkin-7.20.1.jar;C:\Users\RL90\.m2\repository\io\cucumber\cucumber-gherkin-messages\7.20.1\cucumber-gherkin-messages-7.20.1.jar;C:\Users\RL90\.m2\repository\io\cucumber\gherkin\28.0.0\gherkin-28.0.0.jar;C:\Users\RL90\.m2\repository\io\cucumber\messages\24.1.0\messages-24.1.0.jar;C:\Users\RL90\.m2\repository\io\cucumber\testng-xml-formatter\0.2.0\testng-xml-formatter-0.2.0.jar;C:\Users\RL90\.m2\repository\io\cucumber\query\12.2.0\query-12.2.0.jar;C:\Users\RL90\.m2\repository\io\cucumber\tag-expressions\6.1.0\tag-expressions-6.1.0.jar;C:\Users\RL90\.m2\repository\io\cucumber\cucumber-expressions\17.1.0\cucumber-expressions-17.1.0.jar;C:\Users\RL90\.m2\repository\io\cucumber\datatable\7.20.1\datatable-7.20.1.jar;C:\Users\RL90\.m2\repository\io\cucumber\cucumber-plugin\7.20.1\cucumber-plugin-7.20.1.jar;C:\Users\RL90\.m2\repository\io\cucumber\docstring\7.20.1\docstring-7.20.1.jar;C:\Users\RL90\.m2\repository\io\cucumber\html-formatter\21.7.0\html-formatter-21.7.0.jar;C:\Users\RL90\.m2\repository\io\cucumber\junit-xml-formatter\0.5.0\junit-xml-formatter-0.5.0.jar;C:\Users\RL90\.m2\repository\io\cucumber\ci-environment\10.0.1\ci-environment-10.0.1.jar;C:\Users\RL90\.m2\repository\org\apiguardian\apiguardian-api\1.1.2\apiguardian-api-1.1.2.jar;C:\Users\RL90\.m2\repository\io\cucumber\cucumber-junit-platform-engine\7.20.1\cucumber-junit-platform-engine-7.20.1.jar;C:\Users\RL90\.m2\repository\org\junit\platform\junit-platform-engine\1.11.3\junit-platform-engine-1.11.3.jar;C:\Users\RL90\.m2\repository\org\junit\platform\junit-platform-commons\1.11.3\junit-platform-commons-1.11.3.jar;C:\Users\RL90\.m2\repository\org\junit\platform\junit-platform-suite\1.11.3\junit-platform-suite-1.11.3.jar;C:\Users\RL90\.m2\repository\org\junit\platform\junit-platform-suite-api\1.11.3\junit-platform-suite-api-1.11.3.jar;C:\Users\RL90\.m2\repository\org\junit\platform\junit-platform-suite-engine\1.11.3\junit-platform-suite-engine-1.11.3.jar;C:\Users\RL90\.m2\repository\org\junit\platform\junit-platform-suite-commons\1.11.3\junit-platform-suite-commons-1.11.3.jar;C:\Users\RL90\.m2\repository\io\qameta\allure\allure-cucumber7-jvm\2.29.0\allure-cucumber7-jvm-2.29.0.jar;C:\Users\RL90\.m2\repository\io\qameta\allure\allure-java-commons\2.29.0\allure-java-commons-2.29.0.jar;C:\Users\RL90\.m2\repository\io\qameta\allure\allure-model\2.29.0\allure-model-2.29.0.jar;C:\Users\RL90\.m2\repository\io\qameta\allure\allure-junit-platform\2.29.0\allure-junit-platform-2.29.0.jar;C:\Users\RL90\.m2\repository\org\junit\jupiter\junit-jupiter-api\5.11.3\junit-jupiter-api-5.11.3.jar;C:\Users\RL90\.m2\repository\org\junit\platform\junit-platform-launcher\1.11.3\junit-platform-launcher-1.11.3.jar;C:\Users\RL90\.m2\repository\io\qameta\allure\allure-test-filter\2.29.0\allure-test-filter-2.29.0.jar;C:\Users\RL90\.m2\repository\org\slf4j\slf4j-simple\2.0.16\slf4j-simple-2.0.16.jar;C:\Users\RL90\.m2\repository\org\slf4j\slf4j-api\2.0.16\slf4j-api-2.0.16.jar;"/>
    <property name="java.vm.vendor" value="Oracle Corporation"/>
    <property name="sun.arch.data.model" value="64"/>
    <property name="user.variant" value=""/>
    <property name="java.vendor.url" value="https://java.oracle.com/"/>
    <property name="user.timezone" value="America/Sao_Paulo"/>
    <property name="os.name" value="Windows 11"/>
    <property name="java.vm.specification.version" value="17"/>
    <property name="sun.java.launcher" value="SUN_STANDARD"/>
    <property name="user.country" value="BR"/>
    <property name="sun.boot.library.path" value="C:\Program Files\Java\jdk-17\bin"/>
    <property name="sun.java.command" value="C:\Users\RL90\AppData\Local\Temp\surefire11408696634957031123\surefirebooter-20250705011952316_3.jar C:\Users\RL90\AppData\Local\Temp\surefire11408696634957031123 2025-07-05T01-19-52_097-jvmRun1 surefire-20250705011952316_1tmp surefire_0-20250705011952316_2tmp"/>
    <property name="jdk.debug" value="release"/>
    <property name="surefire.test.class.path" value="C:\Users\RL90\OneDrive\pessoal\Projetos\web-java-playwright-cucumber\target\test-classes;C:\Users\RL90\OneDrive\pessoal\Projetos\web-java-playwright-cucumber\target\classes;C:\Users\RL90\.m2\repository\com\microsoft\playwright\playwright\1.51.0\playwright-1.51.0.jar;C:\Users\RL90\.m2\repository\com\google\code\gson\gson\2.12.1\gson-2.12.1.jar;C:\Users\RL90\.m2\repository\com\google\errorprone\error_prone_annotations\2.36.0\error_prone_annotations-2.36.0.jar;C:\Users\RL90\.m2\repository\org\opentest4j\opentest4j\1.3.0\opentest4j-1.3.0.jar;C:\Users\RL90\.m2\repository\com\microsoft\playwright\driver\1.51.0\driver-1.51.0.jar;C:\Users\RL90\.m2\repository\com\microsoft\playwright\driver-bundle\1.51.0\driver-bundle-1.51.0.jar;C:\Users\RL90\.m2\repository\io\cucumber\cucumber-java\7.20.1\cucumber-java-7.20.1.jar;C:\Users\RL90\.m2\repository\io\cucumber\cucumber-core\7.20.1\cucumber-core-7.20.1.jar;C:\Users\RL90\.m2\repository\io\cucumber\cucumber-gherkin\7.20.1\cucumber-gherkin-7.20.1.jar;C:\Users\RL90\.m2\repository\io\cucumber\cucumber-gherkin-messages\7.20.1\cucumber-gherkin-messages-7.20.1.jar;C:\Users\RL90\.m2\repository\io\cucumber\gherkin\28.0.0\gherkin-28.0.0.jar;C:\Users\RL90\.m2\repository\io\cucumber\messages\24.1.0\messages-24.1.0.jar;C:\Users\RL90\.m2\repository\io\cucumber\testng-xml-formatter\0.2.0\testng-xml-formatter-0.2.0.jar;C:\Users\RL90\.m2\repository\io\cucumber\query\12.2.0\query-12.2.0.jar;C:\Users\RL90\.m2\repository\io\cucumber\tag-expressions\6.1.0\tag-expressions-6.1.0.jar;C:\Users\RL90\.m2\repository\io\cucumber\cucumber-expressions\17.1.0\cucumber-expressions-17.1.0.jar;C:\Users\RL90\.m2\repository\io\cucumber\datatable\7.20.1\datatable-7.20.1.jar;C:\Users\RL90\.m2\repository\io\cucumber\cucumber-plugin\7.20.1\cucumber-plugin-7.20.1.jar;C:\Users\RL90\.m2\repository\io\cucumber\docstring\7.20.1\docstring-7.20.1.jar;C:\Users\RL90\.m2\repository\io\cucumber\html-formatter\21.7.0\html-formatter-21.7.0.jar;C:\Users\RL90\.m2\repository\io\cucumber\junit-xml-formatter\0.5.0\junit-xml-formatter-0.5.0.jar;C:\Users\RL90\.m2\repository\io\cucumber\ci-environment\10.0.1\ci-environment-10.0.1.jar;C:\Users\RL90\.m2\repository\org\apiguardian\apiguardian-api\1.1.2\apiguardian-api-1.1.2.jar;C:\Users\RL90\.m2\repository\io\cucumber\cucumber-junit-platform-engine\7.20.1\cucumber-junit-platform-engine-7.20.1.jar;C:\Users\RL90\.m2\repository\org\junit\platform\junit-platform-engine\1.11.3\junit-platform-engine-1.11.3.jar;C:\Users\RL90\.m2\repository\org\junit\platform\junit-platform-commons\1.11.3\junit-platform-commons-1.11.3.jar;C:\Users\RL90\.m2\repository\org\junit\platform\junit-platform-suite\1.11.3\junit-platform-suite-1.11.3.jar;C:\Users\RL90\.m2\repository\org\junit\platform\junit-platform-suite-api\1.11.3\junit-platform-suite-api-1.11.3.jar;C:\Users\RL90\.m2\repository\org\junit\platform\junit-platform-suite-engine\1.11.3\junit-platform-suite-engine-1.11.3.jar;C:\Users\RL90\.m2\repository\org\junit\platform\junit-platform-suite-commons\1.11.3\junit-platform-suite-commons-1.11.3.jar;C:\Users\RL90\.m2\repository\io\qameta\allure\allure-cucumber7-jvm\2.29.0\allure-cucumber7-jvm-2.29.0.jar;C:\Users\RL90\.m2\repository\io\qameta\allure\allure-java-commons\2.29.0\allure-java-commons-2.29.0.jar;C:\Users\RL90\.m2\repository\io\qameta\allure\allure-model\2.29.0\allure-model-2.29.0.jar;C:\Users\RL90\.m2\repository\io\qameta\allure\allure-junit-platform\2.29.0\allure-junit-platform-2.29.0.jar;C:\Users\RL90\.m2\repository\org\junit\jupiter\junit-jupiter-api\5.11.3\junit-jupiter-api-5.11.3.jar;C:\Users\RL90\.m2\repository\org\junit\platform\junit-platform-launcher\1.11.3\junit-platform-launcher-1.11.3.jar;C:\Users\RL90\.m2\repository\io\qameta\allure\allure-test-filter\2.29.0\allure-test-filter-2.29.0.jar;C:\Users\RL90\.m2\repository\org\slf4j\slf4j-simple\2.0.16\slf4j-simple-2.0.16.jar;C:\Users\RL90\.m2\repository\org\slf4j\slf4j-api\2.0.16\slf4j-api-2.0.16.jar;"/>
    <property name="allure.results.directory" value="C:\Users\RL90\OneDrive\pessoal\Projetos\web-java-playwright-cucumber\target/allure-results"/>
    <property name="sun.cpu.endian" value="little"/>
    <property name="user.home" value="C:\Users\RL90"/>
    <property name="user.language" value="pt"/>
    <property name="java.specification.vendor" value="Oracle Corporation"/>
    <property name="java.version.date" value="2024-10-15"/>
    <property name="java.home" value="C:\Program Files\Java\jdk-17"/>
    <property name="file.separator" value="\"/>
    <property name="basedir" value="C:\Users\RL90\OneDrive\pessoal\Projetos\web-java-playwright-cucumber"/>
    <property name="java.vm.compressedOopsMode" value="Zero based"/>
    <property name="line.separator" value="&#10;"/>
    <property name="java.vm.specification.vendor" value="Oracle Corporation"/>
    <property name="java.specification.name" value="Java Platform API Specification"/>
    <property name="surefire.real.class.path" value="C:\Users\RL90\AppData\Local\Temp\surefire11408696634957031123\surefirebooter-20250705011952316_3.jar"/>
    <property name="user.script" value=""/>
    <property name="sun.management.compiler" value="HotSpot 64-Bit Tiered Compilers"/>
    <property name="java.runtime.version" value="17.0.13+10-LTS-268"/>
    <property name="user.name" value="RL90"/>
    <property name="path.separator" value=";"/>
    <property name="os.version" value="10.0"/>
    <property name="java.runtime.name" value="Java(TM) SE Runtime Environment"/>
    <property name="file.encoding" value="UTF-8"/>
    <property name="java.vm.name" value="Java HotSpot(TM) 64-Bit Server VM"/>
    <property name="localRepository" value="C:\Users\RL90\.m2\repository"/>
    <property name="java.vendor.url.bug" value="https://bugreport.java.com/bugreport/"/>
    <property name="java.io.tmpdir" value="C:\Users\RL90\AppData\Local\Temp\"/>
    <property name="java.version" value="17.0.13"/>
    <property name="user.dir" value="C:\Users\RL90\OneDrive\pessoal\Projetos\web-java-playwright-cucumber"/>
    <property name="os.arch" value="amd64"/>
    <property name="java.vm.specification.name" value="Java Virtual Machine Specification"/>
    <property name="sun.os.patch.level" value=""/>
    <property name="native.encoding" value="Cp1252"/>
    <property name="java.library.path" value="C:\Program Files\Java\jdk-17\bin;C:\WINDOWS\Sun\Java\bin;C:\WINDOWS\system32;C:\WINDOWS;C:\Program Files\Common Files\Oracle\Java\javapath;C:\Program Files (x86)\Common Files\Oracle\Java\java8path;C:\Program Files (x86)\Common Files\Oracle\Java\javapath;C:\Program Files (x86)\VMware\VMware Player\bin\;C:\windows\system32;C:\windows;C:\windows\System32\Wbem;C:\windows\System32\WindowsPowerShell\v1.0\;C:\windows\System32\OpenSSH\;C:\Program Files\NVIDIA Corporation\NVIDIA NvDLISR;C:\Program Files\Microsoft SQL Server\130\Tools\Binn\;C:\WINDOWS\system32;C:\WINDOWS;C:\WINDOWS\System32\Wbem;C:\WINDOWS\System32\WindowsPowerShell\v1.0\;C:\WINDOWS\System32\OpenSSH\;C:\Program Files\Docker\Docker\resources\bin;C:\ProgramData\DockerDesktop\version-bin;C:\Program Files\Java\jdk-17\bin;C:\Program Files\Git\cmd;C:\Program Files\Java\apache-maven-3.8.6\bin;C:\Program Files\Microsoft SQL Server\150\Tools\Binn\;C:\Program Files\Microsoft SQL Server\Client SDK\ODBC\170\Tools\Binn\;C:\Program Files\dotnet\;C:\Users\RL90\AppData\Local\Programs\Python\Python313\Scripts\;C:\Users\RL90\AppData\Local\Programs\Python\Python313\;C:\Users\RL90\AppData\Local\Microsoft\WindowsApps;C:\Program Files\JetBrains\IntelliJ IDEA Community Edition 2021.1.1\bin;;C:\Program Files\Java\jdk-17\bin;C:\Android\cmdline-tools\tools\bin;C:\Android\platform-tools;C:\Users\RL90\.dotnet\tools;C:\Users\RL90\AppData\Local\Programs\Microsoft VS Code\bin;C:\Users\RL90\Python\Scripts;;."/>
    <property name="java.vm.info" value="mixed mode, sharing"/>
    <property name="java.vendor" value="Oracle Corporation"/>
    <property name="java.vm.version" value="17.0.13+10-LTS-268"/>
    <property name="java.specification.maintenance.version" value="1"/>
    <property name="sun.io.unicode.encoding" value="UnicodeLittle"/>
    <property name="java.class.version" value="61.0"/>
  </properties>
  <testcase name="Example #1.1" classname="Exemplos" time="14.77">
    <system-out><![CDATA[
Esquema do Cenário: Realizar login na pagina RCremonez            &amp#27;[90m# features/Login.feature:13&amp#27;[0m
  &amp#27;[32mDado &amp#27;[0m&amp#27;[32mque informo o usuario &amp#27;[0m&amp#27;[32m&amp#27;[1m"admin@teste.com"&amp#27;[0m&amp#27;[32m e a senha &amp#27;[0m&amp#27;[32m&amp#27;[1m"teste"&amp#27;[0m  &amp#27;[90m# steps.LoginSteps.que_informo_o_usuario_e_a_senha(java.lang.String,java.lang.String)&amp#27;[0m
  &amp#27;[32mQuando &amp#27;[0m&amp#27;[32mclico no botão entrar&amp#27;[0m                                    &amp#27;[90m# steps.LoginSteps.clico_no_botao_entrar()&amp#27;[0m
  &amp#27;[32mEntão &amp#27;[0m&amp#27;[32msistema apresentará uma mensagem de &amp#27;[0m&amp#27;[32m&amp#27;[1m"Login bem-sucedido!"&amp#27;[0m &amp#27;[90m# steps.LoginSteps.sistema_apresentara_uma_mensagem(java.lang.String)&amp#27;[0m
]]></system-out>
  </testcase>
  <testcase name="Example #1.2" classname="Exemplos" time="5.614">
    <system-out><![CDATA[
Esquema do Cenário: Realizar login na pagina RCremonez                  &amp#27;[90m# features/Login.feature:14&amp#27;[0m
  &amp#27;[32mDado &amp#27;[0m&amp#27;[32mque informo o usuario &amp#27;[0m&amp#27;[32m&amp#27;[1m""&amp#27;[0m&amp#27;[32m e a senha &amp#27;[0m&amp#27;[32m&amp#27;[1m""&amp#27;[0m                            &amp#27;[90m# steps.LoginSteps.que_informo_o_usuario_e_a_senha(java.lang.String,java.lang.String)&amp#27;[0m
  &amp#27;[32mQuando &amp#27;[0m&amp#27;[32mclico no botão entrar&amp#27;[0m                                          &amp#27;[90m# steps.LoginSteps.clico_no_botao_entrar()&amp#27;[0m
  &amp#27;[32mEntão &amp#27;[0m&amp#27;[32msistema apresentará uma mensagem de &amp#27;[0m&amp#27;[32m&amp#27;[1m"Preencha todos os campos."&amp#27;[0m &amp#27;[90m# steps.LoginSteps.sistema_apresentara_uma_mensagem(java.lang.String)&amp#27;[0m
]]></system-out>
  </testcase>
  <testcase name="Example #1.3" classname="Exemplos" time="6.158">
    <system-out><![CDATA[
Esquema do Cenário: Realizar login na pagina RCremonez         &amp#27;[90m# features/Login.feature:15&amp#27;[0m
  &amp#27;[32mDado &amp#27;[0m&amp#27;[32mque informo o usuario &amp#27;[0m&amp#27;[32m&amp#27;[1m"admin"&amp#27;[0m&amp#27;[32m e a senha &amp#27;[0m&amp#27;[32m&amp#27;[1m"teste"&amp#27;[0m         &amp#27;[90m# steps.LoginSteps.que_informo_o_usuario_e_a_senha(java.lang.String,java.lang.String)&amp#27;[0m
  &amp#27;[32mQuando &amp#27;[0m&amp#27;[32mclico no botão entrar&amp#27;[0m                                 &amp#27;[90m# steps.LoginSteps.clico_no_botao_entrar()&amp#27;[0m
  &amp#27;[32mEntão &amp#27;[0m&amp#27;[32msistema apresentará uma mensagem de &amp#27;[0m&amp#27;[32m&amp#27;[1m"Usuário inválido"&amp#27;[0m &amp#27;[90m# steps.LoginSteps.sistema_apresentara_uma_mensagem(java.lang.String)&amp#27;[0m
]]></system-out>
  </testcase>
  <testcase name="Example #1.4" classname="Exemplos" time="6.124">
    <system-out><![CDATA[
Esquema do Cenário: Realizar login na pagina RCremonez           &amp#27;[90m# features/Login.feature:16&amp#27;[0m
  &amp#27;[32mDado &amp#27;[0m&amp#27;[32mque informo o usuario &amp#27;[0m&amp#27;[32m&amp#27;[1m"teste@teste.com"&amp#27;[0m&amp#27;[32m e a senha &amp#27;[0m&amp#27;[32m&amp#27;[1m"teste"&amp#27;[0m &amp#27;[90m# steps.LoginSteps.que_informo_o_usuario_e_a_senha(java.lang.String,java.lang.String)&amp#27;[0m
  &amp#27;[32mQuando &amp#27;[0m&amp#27;[32mclico no botão entrar&amp#27;[0m                                   &amp#27;[90m# steps.LoginSteps.clico_no_botao_entrar()&amp#27;[0m
  &amp#27;[32mEntão &amp#27;[0m&amp#27;[32msistema apresentará uma mensagem de &amp#27;[0m&amp#27;[32m&amp#27;[1m"Usuário inválido"&amp#27;[0m   &amp#27;[90m# steps.LoginSteps.sistema_apresentara_uma_mensagem(java.lang.String)&amp#27;[0m
]]></system-out>
  </testcase>
  <testcase name="Example #1.5" classname="Exemplos" time="5.373">
    <system-out><![CDATA[
Esquema do Cenário: Realizar login na pagina RCremonez                   &amp#27;[90m# features/Login.feature:17&amp#27;[0m
  &amp#27;[32mDado &amp#27;[0m&amp#27;[32mque informo o usuario &amp#27;[0m&amp#27;[32m&amp#27;[1m"admin@teste.com"&amp#27;[0m&amp#27;[32m e a senha &amp#27;[0m&amp#27;[32m&amp#27;[1m"test"&amp#27;[0m          &amp#27;[90m# steps.LoginSteps.que_informo_o_usuario_e_a_senha(java.lang.String,java.lang.String)&amp#27;[0m
  &amp#27;[32mQuando &amp#27;[0m&amp#27;[32mclico no botão entrar&amp#27;[0m                                           &amp#27;[90m# steps.LoginSteps.clico_no_botao_entrar()&amp#27;[0m
  &amp#27;[32mEntão &amp#27;[0m&amp#27;[32msistema apresentará uma mensagem de &amp#27;[0m&amp#27;[32m&amp#27;[1m"Usuário ou senha inválido."&amp#27;[0m &amp#27;[90m# steps.LoginSteps.sistema_apresentara_uma_mensagem(java.lang.String)&amp#27;[0m
]]></system-out>
  </testcase>
  <testcase name="Example #1.6" classname="Exemplos" time="5.502">
    <failure message="Mensagem esperada: &apos;Falha Proposital&apos; Mensagem encontrada: &apos;Usuário inválido&apos;" type="java.lang.AssertionError"><![CDATA[java.lang.AssertionError: Mensagem esperada: 'Falha Proposital' Mensagem encontrada: 'Usuário inválido'
	at page.LoginPage.ValidaMensagem(LoginPage.java:36)
	at steps.LoginSteps.sistema_apresentara_uma_mensagem(LoginSteps.java:53)
	at ✽.sistema apresentará uma mensagem de "Falha Proposital"(classpath:features/Login.feature:10)
]]></failure>
    <system-out><![CDATA[
Esquema do Cenário: Realizar login na pagina RCremonez         &amp#27;[90m# features/Login.feature:18&amp#27;[0m
  &amp#27;[32mDado &amp#27;[0m&amp#27;[32mque informo o usuario &amp#27;[0m&amp#27;[32m&amp#27;[1m"."&amp#27;[0m&amp#27;[32m e a senha &amp#27;[0m&amp#27;[32m&amp#27;[1m"."&amp#27;[0m                 &amp#27;[90m# steps.LoginSteps.que_informo_o_usuario_e_a_senha(java.lang.String,java.lang.String)&amp#27;[0m
  &amp#27;[32mQuando &amp#27;[0m&amp#27;[32mclico no botão entrar&amp#27;[0m                                 &amp#27;[90m# steps.LoginSteps.clico_no_botao_entrar()&amp#27;[0m
  &amp#27;[31mEntão &amp#27;[0m&amp#27;[31msistema apresentará uma mensagem de &amp#27;[0m&amp#27;[31m&amp#27;[1m"Falha Proposital"&amp#27;[0m &amp#27;[90m# steps.LoginSteps.sistema_apresentara_uma_mensagem(java.lang.String)&amp#27;[0m
      &amp#27;[31mjava.lang.AssertionError: Mensagem esperada: 'Falha Proposital' Mensagem encontrada: 'Usuário inválido'
	at page.LoginPage.ValidaMensagem(LoginPage.java:36)
	at steps.LoginSteps.sistema_apresentara_uma_mensagem(LoginSteps.java:53)
	at ✽.sistema apresentará uma mensagem de "Falha Proposital"(classpath:features/Login.feature:10)
&amp#27;[0m
]]></system-out>
  </testcase>
</testsuite>